<?xml version="1.0" encoding="UTF-8"?>
<ODM FileOID="Mbale_data_setD20110901090232-0500" Description="CRFs for SC1 AND SC2" CreationDateTime="2011-09-01T09:02:32-05:00" FileType="Snapshot" ODMVersion="1.3" xmlns="http://www.cdisc.org/ns/odm/v1.3" xmlns:OpenClinica="http://www.openclinica.org/ns/odm_ext_v130/v3.1" xmlns:xsi="http://www.w3.org/2001/XMLSchema-instance" xsi:schemaLocation="http://www.cdisc.org/ns/odm/v1.3 OpenClinica-ODM1-3-0-OC2-0.xsd" >
    <Study OID="Test-OID">
        <GlobalVariables>
            <StudyName>Test Study</StudyName>
            <StudyDescription>Test Study Description</StudyDescription>
            <ProtocolName>Test Study - Proto</ProtocolName>
        </GlobalVariables>
        <BasicDefinitions>
            <MeasurementUnit OID="MU_10&lt;SUP&gt;3&lt;/SUP&gt;/MM&lt;SUP&gt;3&lt;/SUP&gt;" Name="10&lt;SUP&gt;3&lt;/SUP&gt;/MM&lt;SUP&gt;3&lt;/SUP&gt;">
                <Symbol>
                    <TranslatedText>10&lt;SUP&gt;3&lt;/SUP&gt;/MM&lt;SUP&gt;3&lt;/SUP&gt;</TranslatedText>
                </Symbol>
            </MeasurementUnit>
        </BasicDefinitions>
        <MetaDataVersion OID="v1.0.0" Name="MetaDataVersion_v1.0.0">
            <Protocol>
                <StudyEventRef StudyEventOID="SE_SC1" OrderNumber="1" Mandatory="Yes"/>
                <StudyEventRef StudyEventOID="SE_SC2" OrderNumber="2" Mandatory="Yes"/>
            </Protocol>
            <StudyEventDef OID="SE_SC1"  Name="SC1" Repeating="No" Type="Scheduled">
                <FormRef FormOID="F_TEST_1" Mandatory="Yes"/>
                <FormRef FormOID="F_TEST_2" Mandatory="Yes"/>
            </StudyEventDef>
            <StudyEventDef OID="SE_SC2"  Name="SC2" Repeating="No" Type="Scheduled">
                <FormRef FormOID="F_TEST_3" Mandatory="Yes"/>
                <FormRef FormOID="F_TEST_4" Mandatory="Yes"/>
            </StudyEventDef>
            
            <FormDef OID="F_TEST_1" Name="MSA1: Mother Screening Assessment 1 - 3" Repeating="No">
                <ItemGroupRef ItemGroupOID="TEST_GROUP_1" Mandatory="Yes"/>
                <ItemGroupRef ItemGroupOID="TEST_GROUP_4" Mandatory="Yes"/>
            </FormDef>
            <FormDef OID="F_TEST_2" Name="MSA1: Mother Screening Assessment 1 - 2" Repeating="No">
                <ItemGroupRef ItemGroupOID="TEST_GROUP_2" Mandatory="No"/>
            </FormDef>
            <FormDef OID="F_TEST_3" Name="MSA2: Mother Screening Assessment 2 - 2" Repeating="No">
                <ItemGroupRef ItemGroupOID="TEST_GROUP_2" Mandatory="No"/>
                <ItemGroupRef ItemGroupOID="TEST_GROUP_3" Mandatory="No"/>
            </FormDef>
            <FormDef OID="F_TEST_4" Name="MSA2: Mother Screening Assessment 2 - 1" Repeating="No">
            	<ItemGroupRef ItemGroupOID="TEST_GROUP_4" Mandatory="Yes"/>
            </FormDef>
            
            <ItemGroupDef OID="TEST_GROUP_1" Name="Ungrouped" Repeating="No" SASDatasetName="UNGRO030">
                <ItemRef ItemOID="I_MSA1_INIT" OrderNumber="1" Mandatory="Yes"/>
                <ItemRef ItemOID="I_MSA1_FORMD" OrderNumber="2" Mandatory="Yes"/>
                <ItemRef ItemOID="I_MSA1_MSA1_CONS" OrderNumber="3" Mandatory="Yes"/>
                <ItemRef ItemOID="I_MSA1_MSA1_PGT" OrderNumber="4" Mandatory="Yes"/>
                <ItemRef ItemOID="I_MSA1_MSA1_BIRTHD" OrderNumber="5" Mandatory="No"/>
                <ItemRef ItemOID="I_MSA1_MSA1_OLD" OrderNumber="6" Mandatory="No"/>
                <ItemRef ItemOID="I_MSA1_MSA1_KHIV" OrderNumber="7" Mandatory="Yes"/>
                <ItemRef ItemOID="I_MSA1_MSA1_HAART" OrderNumber="8" Mandatory="Yes"/>
                <ItemRef ItemOID="I_MSA1_MSA1_ELHAART" OrderNumber="9" Mandatory="No"/>
                <ItemRef ItemOID="I_MSA1_MSA1_BEFPEP" OrderNumber="10" Mandatory="Yes"/>
                <ItemRef ItemOID="I_MSA1_MSA1_OTRIAL" OrderNumber="11" Mandatory="Yes"/>
                <ItemRef ItemOID="I_MSA1_MSA1_OTRIAL_S" OrderNumber="12" Mandatory="No"/>
                <ItemRef ItemOID="I_MSA1_MSA1_MOVE" OrderNumber="13" Mandatory="Yes"/>
                <ItemRef ItemOID="I_MSA1_MSA1_PMTCT" OrderNumber="14" Mandatory="Yes"/>
                <ItemRef ItemOID="I_MSA1_MSA1_COMPLY" OrderNumber="15" Mandatory="Yes"/>
                <ItemRef ItemOID="I_MSA1_MSA1_ELIG" OrderNumber="16" Mandatory="Yes"/>
                <ItemRef ItemOID="I_MSA1_MSA1_DELIVERY" OrderNumber="17" Mandatory="Yes"/>
                <ItemRef ItemOID="I_MSA1_MSA1_CONSELLING" OrderNumber="18" Mandatory="Yes"/>
                <ItemRef ItemOID="I_MSA1_IDPAT" OrderNumber="19" Mandatory="Yes"/>
                <ItemRef ItemOID="I_MSA1_ID" OrderNumber="20" Mandatory="Yes"/>
            </ItemGroupDef>
            <ItemGroupDef OID="TEST_GROUP_2" Name="MSA1_complyreasG" Repeating="Yes" SASDatasetName="MSA1_COM">
                <ItemRef ItemOID="I_MSA1_MSA1_NOELIGREAS" OrderNumber="1" Mandatory="No"/>
                <ItemRef ItemOID="I_MSA1_MSA1_COMPLYREAS" OrderNumber="3" Mandatory="No"/>
                <ItemRef ItemOID="I_MSA1_MSA1_MOELIGREAS" OrderNumber="2" Mandatory="No"/>
            </ItemGroupDef>
            <ItemGroupDef OID="TEST_GROUP_3" Name="Ungrouped" Repeating="No" SASDatasetName="UNGRO031">
                <ItemRef ItemOID="I_MSA2_INIT" OrderNumber="1" Mandatory="Yes"/>
                <ItemRef ItemOID="I_MSA2_FROMD" OrderNumber="2" Mandatory="Yes"/>
                <ItemRef ItemOID="I_MSA2_IDV" OrderNumber="3" Mandatory="Yes"/>
                <ItemRef ItemOID="I_MSA2_MSA2_INITBF" OrderNumber="4" Mandatory="Yes"/>
                <ItemRef ItemOID="I_MSA2_MSA2_INTBF" OrderNumber="5" Mandatory="No"/>
                <ItemRef ItemOID="I_MSA2_MSA2_HAART" OrderNumber="6" Mandatory="Yes"/>
                <ItemRef ItemOID="I_MSA2_MSA2_ELHAART" OrderNumber="7" Mandatory="No"/>
                <ItemRef ItemOID="I_MSA2_MSA2_PAZT" OrderNumber="8" Mandatory="No"/>
                <ItemRef ItemOID="I_MSA2_MSA2_PAZTNB" OrderNumber="9" Mandatory="No"/>
                <ItemRef ItemOID="I_MSA2_MSA2_POART" OrderNumber="10" Mandatory="No"/>
                <ItemRef ItemOID="I_MSA2_MSA2_LNVPV" OrderNumber="11" Mandatory="No"/>
                <ItemRef ItemOID="I_MSA2_MSA2_LAZTV" OrderNumber="12" Mandatory="No"/>
                <ItemRef ItemOID="I_MSA2_MSA2_L3TC" OrderNumber="13" Mandatory="No"/>
                <ItemRef ItemOID="I_MSA2_MSA2_LOART" OrderNumber="14" Mandatory="No"/>
                <ItemRef ItemOID="I_MSA2_MSA2_LOCATB" OrderNumber="15" Mandatory="Yes"/>
                <ItemRef ItemOID="I_MSA2_MSA2_OLOCATBPREC" OrderNumber="16" Mandatory="No"/>
                <ItemRef ItemOID="I_MSA2_MSA2_TRANSF" OrderNumber="17" Mandatory="Yes"/>
                <ItemRef ItemOID="I_MSA2_MSA2_TYPED" OrderNumber="18" Mandatory="Yes"/>
                <ItemRef ItemOID="I_MSA2_MSA2_PMTCTV" OrderNumber="19" Mandatory="Yes"/>
                <ItemRef ItemOID="I_MSA2_MSA2_PMTCT" OrderNumber="20" Mandatory="Yes"/>
                <ItemRef ItemOID="I_MSA2_MSA2_LAZTNBV" OrderNumber="21" Mandatory="No"/>
                <ItemRef ItemOID="I_MSA2_MSA2_L3TCNB" OrderNumber="22" Mandatory="No"/>
                <ItemRef ItemOID="I_MSA2_MSA2_LOARTNB" OrderNumber="22" Mandatory="No"/>
            </ItemGroupDef>
            <ItemGroupDef OID="TEST_GROUP_4" Name="MSA2_POARTprecG" Repeating="Yes" SASDatasetName="MSA2_POA" Comment="Q3a2a_ If yes,">
                <ItemRef ItemOID="I_MSA2_MSA2_POARTPREC" OrderNumber="1" Mandatory="No"/>
                <ItemRef ItemOID="I_MSA2_MSA2_POARTNBV" OrderNumber="2" Mandatory="No"/>
            	<ItemRef ItemOID="I_MSA1_MSA1_MOELIGREAS" OrderNumber="2" Mandatory="No"/>
                <ItemRef ItemOID="I_MSA2_MSA2_LOARTPREC" OrderNumber="3" Mandatory="No"/>
            </ItemGroupDef>
      
            <ItemDef OID="I_MSA1_INIT" Name="Init" DataType="text" Length="7" SASFieldName="Init581" Comment="Researchers initials">
                <Question OpenClinica:QuestionNumber="Q1_">
                    <TranslatedText>
                    Fill in your initials (Given Name (G), Surname (S))
                    </TranslatedText>
                </Question>
                <OpenClinica:ItemDetails ItemOID="I_MSA1_INIT">
					<OpenClinica:ItemPresentInForm FormOID="F_TEST_1" ColumnNumber="1" PHI="No" ShowItem="Yes">
						<OpenClinica:SectionLabel>Section1</OpenClinica:SectionLabel>
						<OpenClinica:SectionTitle>Title 1</OpenClinica:SectionTitle>
					</OpenClinica:ItemPresentInForm>
				</OpenClinica:ItemDetails>
            </ItemDef>
            <ItemDef OID="I_MSA1_FORMD" Name="FormD" DataType="date" SASFieldName="FormD582" Comment="Date of form">
                <Question OpenClinica:QuestionNumber="Q2_">
                    <TranslatedText>
                    Date of form
                    </TranslatedText>
                </Question>
                <OpenClinica:ItemDetails ItemOID="I_MSA1_FORMD">
					<OpenClinica:ItemPresentInForm FormOID="F_TEST_1" ColumnNumber="1" PHI="No" ShowItem="Yes">
						<OpenClinica:SectionLabel>Section1</OpenClinica:SectionLabel>
						<OpenClinica:SectionTitle>Title 1</OpenClinica:SectionTitle>
					</OpenClinica:ItemPresentInForm>
				</OpenClinica:ItemDetails>
            </ItemDef>
            <ItemDef OID="I_MSA1_MSA1_CONS" Name="MSA1_cons" DataType="integer" Length="1" SASFieldName="MSA1_con" Comment="Informed consent for screening">
                <Question OpenClinica:QuestionNumber="Q3_">
                    <TranslatedText>
                    Inclusion/Exclusion criteria  - Has the woman understood/read and signed the informed consent for screening?
                    </TranslatedText>
                </Question>
                <CodeListRef CodeListOID="CL_203"/>
                <OpenClinica:ItemDetails ItemOID="I_MSA1_MSA1_CONS">
					<OpenClinica:ItemPresentInForm FormOID="F_TEST_1" ColumnNumber="1" PHI="No" ShowItem="Yes">
						<OpenClinica:SectionLabel>Section1</OpenClinica:SectionLabel>
						<OpenClinica:SectionTitle>Title 1</OpenClinica:SectionTitle>
					</OpenClinica:ItemPresentInForm>
				</OpenClinica:ItemDetails>
            </ItemDef>
            <ItemDef OID="I_MSA1_MSA1_PGT" Name="MSA1_pgt" DataType="integer" Length="1" SASFieldName="MSA1_pgt" Comment="Pregnancy">
                <Question OpenClinica:QuestionNumber="Q4_">
                    <TranslatedText>
                    Is she pregnant?
                    </TranslatedText>
                </Question>
                <CodeListRef CodeListOID="CL_203"/>
                <OpenClinica:ItemDetails ItemOID="I_MSA1_MSA1_PGT">
					<OpenClinica:ItemPresentInForm FormOID="F_TEST_1" ColumnNumber="1" PHI="No" ShowItem="Yes">
						<OpenClinica:SectionLabel>Section2</OpenClinica:SectionLabel>
						<OpenClinica:SectionTitle>Title 2</OpenClinica:SectionTitle>						
					</OpenClinica:ItemPresentInForm>
				</OpenClinica:ItemDetails>
            </ItemDef>
            <ItemDef OID="I_MSA1_MSA1_BIRTHD" Name="MSA1_BirthD" DataType="date" SASFieldName="MSA1_Bir" Comment="M Birth date">
                <Question OpenClinica:QuestionNumber="Q5_">
                    <TranslatedText>
                    What is her birth date?
                    </TranslatedText>
                </Question>
                <OpenClinica:ItemDetails ItemOID="I_MSA1_MSA1_BIRTHD">
					<OpenClinica:ItemPresentInForm FormOID="F_TEST_1" ColumnNumber="1" PHI="No" ShowItem="Yes">
						<OpenClinica:SectionLabel>Section2</OpenClinica:SectionLabel>
						<OpenClinica:SectionTitle>Title 2</OpenClinica:SectionTitle>
					</OpenClinica:ItemPresentInForm>
				</OpenClinica:ItemDetails>
            </ItemDef>
            <ItemDef OID="I_MSA1_MSA1_OLD" Name="MSA1_old" DataType="integer" Length="10" SASFieldName="MSA1_old" Comment="Legal age">
                <Question OpenClinica:QuestionNumber="Q6_">
                    <TranslatedText>
                    If birth date not documented, how old is she?
                    </TranslatedText>
                </Question>
                <OpenClinica:ItemDetails ItemOID="I_MSA1_MSA1_OLD">
					<OpenClinica:ItemPresentInForm FormOID="F_TEST_1" ColumnNumber="1" PHI="No" ShowItem="Yes">
						<OpenClinica:SectionLabel>Section2</OpenClinica:SectionLabel>
						<OpenClinica:SectionTitle>Title 2</OpenClinica:SectionTitle>
					</OpenClinica:ItemPresentInForm>
				</OpenClinica:ItemDetails>
            </ItemDef>
            <ItemDef OID="I_MSA1_MSA1_KHIV" Name="MSA1_KHIV" DataType="integer" Length="1" SASFieldName="MSA1_KHI" Comment="HIV status">
                <Question OpenClinica:QuestionNumber="Q7_">
                    <TranslatedText>
                    Is her HIV status documented from the antenatal clinic (or other centre)?
                    </TranslatedText>
                </Question>
                <CodeListRef CodeListOID="CL_203"/>
                <OpenClinica:ItemDetails ItemOID="I_MSA1_MSA1_KHIV">
					<OpenClinica:ItemPresentInForm FormOID="F_TEST_1" ColumnNumber="1" PHI="No" ShowItem="Yes">
						<OpenClinica:SectionLabel>Section3</OpenClinica:SectionLabel>
						<OpenClinica:SectionTitle>Title 3</OpenClinica:SectionTitle>
					</OpenClinica:ItemPresentInForm>
				</OpenClinica:ItemDetails>
            </ItemDef>
            <ItemDef OID="I_MSA1_MSA1_HAART" Name="MSA1_HAART" DataType="integer" Length="1" SASFieldName="MSA1_HAA" Comment="Currently HAART">
                <Question>
                    <TranslatedText>
                    Is she currently on HAART?
                    </TranslatedText>
                </Question>
                <MeasurementUnitRef MeasurementUnitOID="MU_10&lt;SUP&gt;3&lt;/SUP&gt;/MM&lt;SUP&gt;3&lt;/SUP&gt;"/>
                <CodeListRef CodeListOID="CL_203"/>
                <OpenClinica:ItemDetails ItemOID="I_MSA1_MSA1_HAART">
					<OpenClinica:ItemPresentInForm FormOID="F_TEST_1" ColumnNumber="1" PHI="No" ShowItem="Yes">
						<OpenClinica:SectionLabel>Section3</OpenClinica:SectionLabel>
						<OpenClinica:SectionTitle>Title 3</OpenClinica:SectionTitle>
					</OpenClinica:ItemPresentInForm>
				</OpenClinica:ItemDetails>
            </ItemDef>
            <ItemDef OID="I_MSA1_MSA1_ELHAART" Name="MSA1_elHAART" DataType="integer" Length="1" SASFieldName="MSA1_elH" Comment="Eligibility for HAART">
                <Question OpenClinica:QuestionNumber="Q8_">
                    <TranslatedText>
                    If not, is she eligible for HAART?
                    </TranslatedText>
                </Question>
                <CodeListRef CodeListOID="CL_203"/>
                <OpenClinica:ItemDetails ItemOID="I_MSA1_MSA1_ELHAART">
					<OpenClinica:ItemPresentInForm FormOID="F_TEST_1" ColumnNumber="1" PHI="No" ShowItem="Yes">
						<OpenClinica:SectionLabel>Section3</OpenClinica:SectionLabel>
						<OpenClinica:SectionTitle>Title 3</OpenClinica:SectionTitle>
					</OpenClinica:ItemPresentInForm>
				</OpenClinica:ItemDetails>
            </ItemDef>
            <ItemDef OID="I_MSA1_MSA1_BEFPEP" Name="MSA1_befPEP" DataType="integer" Length="1" SASFieldName="MSA1_bef" Comment="Promise PEP participation">
                <Question OpenClinica:QuestionNumber="Q10_">
                    <TranslatedText>
                    Has she participated in the Promise PEP study during a previous pregnancy?
                    </TranslatedText>
                </Question>
                <CodeListRef CodeListOID="CL_203"/>
                <OpenClinica:ItemDetails ItemOID="I_MSA1_MSA1_BEFPEP">
					<OpenClinica:ItemPresentInForm FormOID="F_TEST_1" ColumnNumber="1" PHI="No" ShowItem="Yes">
						<OpenClinica:SectionLabel>Section3</OpenClinica:SectionLabel>
						<OpenClinica:SectionTitle>Title 3</OpenClinica:SectionTitle>
					</OpenClinica:ItemPresentInForm>
				</OpenClinica:ItemDetails>
            </ItemDef>
            <ItemDef OID="I_MSA1_MSA1_OTRIAL" Name="MSA1_Otrial" DataType="integer" Length="1" SASFieldName="MSA1_Otr" Comment="Participation to other trial">
                <Question OpenClinica:QuestionNumber="Q11_">
                    <TranslatedText>
                    Is she currently in any other trial ?
                    </TranslatedText>
                </Question>
                <CodeListRef CodeListOID="CL_203"/>
                <OpenClinica:ItemDetails ItemOID="I_MSA1_MSA1_OTRIAL">
					<OpenClinica:ItemPresentInForm FormOID="F_TEST_1" ColumnNumber="1" PHI="No" ShowItem="Yes">
						<OpenClinica:SectionLabel>Section3</OpenClinica:SectionLabel>
						<OpenClinica:SectionTitle>Title 3</OpenClinica:SectionTitle>
					</OpenClinica:ItemPresentInForm>
				</OpenClinica:ItemDetails>
            </ItemDef>
            <ItemDef OID="I_MSA1_MSA1_OTRIAL_S" Name="MSA1_Otrial_S" DataType="integer" Length="1" SASFieldName="MSA1_583" Comment="End of participation to other trial">
                <Question>
                    <TranslatedText>
                    If yes, will she still be participating in this trial one week after delivery?
                    </TranslatedText>
                </Question>
                <CodeListRef CodeListOID="CL_203"/>
                <OpenClinica:ItemDetails ItemOID="I_MSA1_MSA1_OTRIAL_S">
					<OpenClinica:ItemPresentInForm FormOID="F_TEST_1" ColumnNumber="1" PHI="No" ShowItem="Yes">
						<OpenClinica:SectionLabel>Section3</OpenClinica:SectionLabel>
						<OpenClinica:SectionTitle>Title 3</OpenClinica:SectionTitle>
					</OpenClinica:ItemPresentInForm>
				</OpenClinica:ItemDetails>
            </ItemDef>
            <ItemDef OID="I_MSA1_MSA1_MOVE" Name="MSA1_move" DataType="integer" Length="1" SASFieldName="MSA1_mov" Comment="Remain in catchment area">
                <Question OpenClinica:QuestionNumber="Q13_">
                    <TranslatedText>
                    Does she intend to move out of the area of the study in the next year?
                    </TranslatedText>
                </Question>
                <CodeListRef CodeListOID="CL_203"/>
                <OpenClinica:ItemDetails ItemOID="I_MSA1_MSA1_MOVE">
					<OpenClinica:ItemPresentInForm FormOID="F_TEST_1" ColumnNumber="1" PHI="No" ShowItem="Yes">
						<OpenClinica:SectionLabel>Section3</OpenClinica:SectionLabel>
						<OpenClinica:SectionTitle>Title 3</OpenClinica:SectionTitle>
					</OpenClinica:ItemPresentInForm>
				</OpenClinica:ItemDetails>
            </ItemDef>
            <ItemDef OID="I_MSA1_MSA1_PMTCT" Name="MSA1_PMTCT" DataType="integer" Length="1" SASFieldName="MSA1_PMT" Comment="PMTCT">
                <Question>
                    <TranslatedText>
                    Is she included in a PMTCT program?
                    </TranslatedText>
                </Question>
                <CodeListRef CodeListOID="CL_203"/>
                <OpenClinica:ItemDetails ItemOID="I_MSA1_MSA1_PMTCT">
					<OpenClinica:ItemPresentInForm FormOID="F_TEST_1" ColumnNumber="1" PHI="No" ShowItem="Yes">
						<OpenClinica:SectionLabel>Section3</OpenClinica:SectionLabel>
						<OpenClinica:SectionTitle>Title 3</OpenClinica:SectionTitle>
					</OpenClinica:ItemPresentInForm>
				</OpenClinica:ItemDetails>
            </ItemDef>
            <ItemDef OID="I_MSA1_MSA1_COMPLY" Name="MSA1_comply" DataType="integer" Length="1" SASFieldName="MSA1_com" Comment="Comply with study procedures">
                <Question>
                    <TranslatedText>
                    Is there anything that could prevent her from complying with study procedures? (probe according to SOP)
                    </TranslatedText>
                </Question>
                <CodeListRef CodeListOID="CL_203"/>
                <OpenClinica:ItemDetails ItemOID="I_MSA1_MSA1_COMPLY">
					<OpenClinica:ItemPresentInForm FormOID="F_TEST_1" ColumnNumber="1" PHI="No" ShowItem="Yes">
						<OpenClinica:SectionLabel>Section3</OpenClinica:SectionLabel>
						<OpenClinica:SectionTitle>Title 3</OpenClinica:SectionTitle>
					</OpenClinica:ItemPresentInForm>
				</OpenClinica:ItemDetails>
            </ItemDef>
            <ItemDef OID="I_MSA1_MSA1_ELIG" Name="MSA1_elig" DataType="integer" Length="1" SASFieldName="MSA1_eli" Comment="Eligibility">
                <Question>
                    <TranslatedText>
                    Based on the screening procedures and questions so far: Is the mother eligible for further participation
                    </TranslatedText>
                </Question>
                <CodeListRef CodeListOID="CL_203"/>
                <OpenClinica:ItemDetails ItemOID="I_MSA1_MSA1_ELIG">
					<OpenClinica:ItemPresentInForm FormOID="F_TEST_1" ColumnNumber="1" PHI="No" ShowItem="Yes">
						<OpenClinica:SectionLabel>Section3</OpenClinica:SectionLabel>
						<OpenClinica:SectionTitle>Title 3</OpenClinica:SectionTitle>
					</OpenClinica:ItemPresentInForm>
				</OpenClinica:ItemDetails>
            </ItemDef>
            <ItemDef OID="I_MSA1_MSA1_DELIVERY" Name="MSA1_delivery" DataType="text" Length="31" SASFieldName="MSA1_del" Comment="Site of planned delivery">
                <Question>
                    <TranslatedText>
                    Mother related  - Where does she intend to deliver?
                    </TranslatedText>
                </Question>
                <OpenClinica:ItemDetails ItemOID="I_MSA1_MSA1_DELIVERY">
					<OpenClinica:ItemPresentInForm FormOID="F_TEST_1" ColumnNumber="1" PHI="No" ShowItem="Yes">
						<OpenClinica:SectionLabel>Section4</OpenClinica:SectionLabel>
						<OpenClinica:SectionTitle>Title 4</OpenClinica:SectionTitle>
					</OpenClinica:ItemPresentInForm>
				</OpenClinica:ItemDetails>
            </ItemDef>
            <ItemDef OID="I_MSA1_MSA1_CONSELLING" Name="MSA1_conselling" DataType="integer" Length="1" SASFieldName="MSA1_584" Comment="Accept counselling">
                <Question>
                    <TranslatedText>
                    Is she willing to accept infant feeding option counselling from a designated research counsellor?
                    </TranslatedText>
                </Question>
                <CodeListRef CodeListOID="CL_203"/>
                <OpenClinica:ItemDetails ItemOID="I_MSA1_MSA1_CONSELLING">
					<OpenClinica:ItemPresentInForm FormOID="F_TEST_1" ColumnNumber="1" PHI="No" ShowItem="Yes">
						<OpenClinica:SectionLabel>Section4</OpenClinica:SectionLabel>
						<OpenClinica:SectionTitle>Title 4</OpenClinica:SectionTitle>
					</OpenClinica:ItemPresentInForm>
				</OpenClinica:ItemDetails>
            </ItemDef>
            <ItemDef OID="I_MSA1_IDPAT" Name="IDPAT" DataType="text" Length="12" SASFieldName="IDPAT" Comment="Patient ID">
                <Question>
                    <TranslatedText>
                    Patient ID
                    </TranslatedText>
                </Question>
                <OpenClinica:ItemDetails ItemOID="I_MSA1_IDPAT">
					<OpenClinica:ItemPresentInForm FormOID="F_TEST_1" ColumnNumber="1" PHI="No" ShowItem="Yes">
						<OpenClinica:SectionLabel>Section1</OpenClinica:SectionLabel>
						<OpenClinica:SectionTitle>Title 1</OpenClinica:SectionTitle>
					</OpenClinica:ItemPresentInForm>
				</OpenClinica:ItemDetails>
            </ItemDef>
            <ItemDef OID="I_MSA1_ID" Name="Id" DataType="integer" Length="10" SASFieldName="Id586" Comment="Patient ID">
                <Question>
                    <TranslatedText>
                    Patient ID
                    </TranslatedText>
                </Question>
                <OpenClinica:ItemDetails ItemOID="I_MSA1_ID">
					<OpenClinica:ItemPresentInForm FormOID="F_TEST_1" ColumnNumber="1" PHI="No" ShowItem="Yes">
						<OpenClinica:SectionLabel>Section1</OpenClinica:SectionLabel>
						<OpenClinica:SectionTitle>Title 1</OpenClinica:SectionTitle>
					</OpenClinica:ItemPresentInForm>
				</OpenClinica:ItemDetails>
            </ItemDef>
            <ItemDef OID="I_MSA1_MSA1_NOELIGREAS" Name="MSA1_noeligreas" DataType="text" Length="41" SASFieldName="MSA1_noe" Comment="Reason why mother not eligible">
                <Question>
                    <TranslatedText>
                    Q11a_ If not and reason not listed above, specify why she is not eligible
                    </TranslatedText>
                </Question>
                <OpenClinica:ItemDetails ItemOID="I_MSA1_MSA1_NOELIGREAS">
					<OpenClinica:ItemPresentInForm FormOID="F_TEST_2" ColumnNumber="1" PHI="No" ShowItem="Yes">
						<OpenClinica:SectionLabel>Section1</OpenClinica:SectionLabel>
						<OpenClinica:SectionTitle>Title 1</OpenClinica:SectionTitle>
					</OpenClinica:ItemPresentInForm>
					<OpenClinica:ItemPresentInForm FormOID="F_TEST_3" ColumnNumber="1" PHI="No" ShowItem="Yes">
						<OpenClinica:SectionLabel>Section1</OpenClinica:SectionLabel>
						<OpenClinica:SectionTitle>Title 1</OpenClinica:SectionTitle>
					</OpenClinica:ItemPresentInForm>
				</OpenClinica:ItemDetails>
            </ItemDef>
            <ItemDef OID="I_MSA1_MSA1_MOELIGREAS" Name="MSA1_noeligreas" DataType="text" Length="41" Comment="Test Comment">
                <Question>
                    <TranslatedText>
                    This is Just a test question to exercise repeats with in the same ItemGroupRef and Section
                    </TranslatedText>
                </Question>
                <OpenClinica:ItemDetails ItemOID="I_MSA1_MSA1_NOELIGREAS">
					<OpenClinica:ItemPresentInForm FormOID="F_TEST_2" ColumnNumber="1" PHI="No" ShowItem="Yes">
						<OpenClinica:SectionLabel>Section1</OpenClinica:SectionLabel>
						<OpenClinica:SectionTitle>Title 1</OpenClinica:SectionTitle>
					</OpenClinica:ItemPresentInForm>
					<OpenClinica:ItemPresentInForm FormOID="F_TEST_3" ColumnNumber="1" PHI="No" ShowItem="Yes">
						<OpenClinica:SectionLabel>Section1</OpenClinica:SectionLabel>
						<OpenClinica:SectionTitle>Title 1</OpenClinica:SectionTitle>
					</OpenClinica:ItemPresentInForm>
				</OpenClinica:ItemDetails>
            </ItemDef>
            <ItemDef OID="I_MSA1_MSA1_COMPLYREAS" Name="MSA1_complyreas" DataType="text" Length="63" SASFieldName="MSA1_585" Comment="Reason for non compliance">
                <Question>
                    <TranslatedText>
                    Q10a_ If yes, what could that be?
                    </TranslatedText>
                </Question>
                <MeasurementUnitRef MeasurementUnitOID="MU_10&lt;SUP&gt;3&lt;/SUP&gt;/MM&lt;SUP&gt;3&lt;/SUP&gt;"/>
                <OpenClinica:ItemDetails ItemOID="I_MSA1_MSA1_COMPLYREAS">
					<OpenClinica:ItemPresentInForm FormOID="F_TEST_2" ColumnNumber="1" PHI="No" ShowItem="Yes">
						<OpenClinica:SectionLabel>Section2</OpenClinica:SectionLabel>
						<OpenClinica:SectionTitle>Title 2</OpenClinica:SectionTitle>
					</OpenClinica:ItemPresentInForm>
					<OpenClinica:ItemPresentInForm FormOID="F_TEST_3" ColumnNumber="1" PHI="No" ShowItem="Yes">
						<OpenClinica:SectionLabel>Section2</OpenClinica:SectionLabel>
						<OpenClinica:SectionTitle>Title 2</OpenClinica:SectionTitle>
					</OpenClinica:ItemPresentInForm>
				</OpenClinica:ItemDetails>
            </ItemDef>
            <ItemDef OID="I_MSA2_INIT" Name="INIT" DataType="text" Length="7" SASFieldName="INIT587" Comment="Researchers initials">
                <Question>
                    <TranslatedText>
                    Fill in your initials (Given Name (G), Surname (S))
                    </TranslatedText>
                </Question>
                <OpenClinica:ItemDetails ItemOID="I_MSA2_INIT">
					<OpenClinica:ItemPresentInForm FormOID="F_TEST_3" ColumnNumber="1" PHI="No" ShowItem="Yes">
						<OpenClinica:SectionLabel>Section1</OpenClinica:SectionLabel>
						<OpenClinica:SectionTitle>Title 1</OpenClinica:SectionTitle>
					</OpenClinica:ItemPresentInForm>
				</OpenClinica:ItemDetails>
            </ItemDef>
            <ItemDef OID="I_MSA2_FROMD" Name="FROMD" DataType="date" SASFieldName="FROMD588" Comment="Date of form">
                <Question>
                    <TranslatedText>
                    Date of form
                    </TranslatedText>
                </Question>
                <OpenClinica:ItemDetails ItemOID="I_MSA2_FROMD">
					<OpenClinica:ItemPresentInForm FormOID="F_TEST_3" ColumnNumber="1" PHI="No" ShowItem="Yes">
						<OpenClinica:SectionLabel>Section1</OpenClinica:SectionLabel>
						<OpenClinica:SectionTitle>Title 1</OpenClinica:SectionTitle>
					</OpenClinica:ItemPresentInForm>
				</OpenClinica:ItemDetails>
            </ItemDef>
            <ItemDef OID="I_MSA2_IDV" Name="IDV" DataType="text" Length="12" SASFieldName="IDV589" Comment="Patient ID">
                <Question>
                    <TranslatedText>
                    Patient ID
                    </TranslatedText>
                </Question>
                <OpenClinica:ItemDetails ItemOID="I_MSA2_IDV">
					<OpenClinica:ItemPresentInForm FormOID="F_TEST_3" ColumnNumber="1" PHI="No" ShowItem="Yes">
						<OpenClinica:SectionLabel>Section1</OpenClinica:SectionLabel>
						<OpenClinica:SectionTitle>Title 1</OpenClinica:SectionTitle>
					</OpenClinica:ItemPresentInForm>
				</OpenClinica:ItemDetails>
            </ItemDef>
            <ItemDef OID="I_MSA2_MSA2_INITBF" Name="MSA2_INITBF" DataType="integer" Length="1" SASFieldName="MSA2_INI" Comment="Initiation of breastfeeding">
                <Question>
                    <TranslatedText>
                    Inclusion/Exclusion criteria  - Have you initiated breastfeeding?
                    </TranslatedText>
                </Question>
                <CodeListRef CodeListOID="CL_397"/>
                <OpenClinica:ItemDetails ItemOID="I_MSA2_MSA2_INITBF">
					<OpenClinica:ItemPresentInForm FormOID="F_TEST_3" ColumnNumber="1" PHI="No" ShowItem="Yes">
						<OpenClinica:SectionLabel>Section2</OpenClinica:SectionLabel>
						<OpenClinica:SectionTitle>Title 2</OpenClinica:SectionTitle>
					</OpenClinica:ItemPresentInForm>
				</OpenClinica:ItemDetails>
            </ItemDef>
            <ItemDef OID="I_MSA2_MSA2_INTBF" Name="MSA2_INTBF" DataType="integer" Length="1" SASFieldName="MSA2_INT" Comment="Intention to breastfeed">
                <Question>
                    <TranslatedText>
                    If not, do you intend to breastfeed your infant?
                    </TranslatedText>
                </Question>
                <CodeListRef CodeListOID="CL_398"/>
                <OpenClinica:ItemDetails ItemOID="I_MSA2_MSA2_INTBF">
					<OpenClinica:ItemPresentInForm FormOID="F_TEST_3" ColumnNumber="1" PHI="No" ShowItem="Yes">
						<OpenClinica:SectionLabel>Section2</OpenClinica:SectionLabel>
						<OpenClinica:SectionTitle>Title 2</OpenClinica:SectionTitle>
					</OpenClinica:ItemPresentInForm>
				</OpenClinica:ItemDetails>
            </ItemDef>
            <ItemDef OID="I_MSA2_MSA2_HAART" Name="MSA2_HAART" DataType="integer" Length="1" SASFieldName="MSA2_HAA" Comment="Currently HAART">
                <Question>
                    <TranslatedText>
                    Is the mother currently on HAART?
                    </TranslatedText>
                </Question>
                <CodeListRef CodeListOID="CL_397"/>
                <OpenClinica:ItemDetails ItemOID="I_MSA2_MSA2_HAART">
					<OpenClinica:ItemPresentInForm FormOID="F_TEST_3" ColumnNumber="1" PHI="No" ShowItem="Yes">
						<OpenClinica:SectionLabel>Section3</OpenClinica:SectionLabel>
						<OpenClinica:SectionTitle>Title 3</OpenClinica:SectionTitle>
					</OpenClinica:ItemPresentInForm>
				</OpenClinica:ItemDetails>
            </ItemDef>
            <ItemDef OID="I_MSA2_MSA2_ELHAART" Name="MSA2_ELHAART" DataType="integer" Length="1" SASFieldName="MSA2_ELH" Comment="Eligibility for HAART">
                <Question>
                    <TranslatedText>
                    If not, is the mother eligible for HAART?
                    </TranslatedText>
                </Question>
                <CodeListRef CodeListOID="CL_397"/>
                <OpenClinica:ItemDetails ItemOID="I_MSA2_MSA2_ELHAART">
					<OpenClinica:ItemPresentInForm FormOID="F_TEST_3" ColumnNumber="1" PHI="No" ShowItem="Yes">
						<OpenClinica:SectionLabel>Section3</OpenClinica:SectionLabel>
						<OpenClinica:SectionTitle>Title 3</OpenClinica:SectionTitle>
					</OpenClinica:ItemPresentInForm>
				</OpenClinica:ItemDetails>
            </ItemDef>
            <ItemDef OID="I_MSA2_MSA2_PAZT" Name="MSA2_PAZT" DataType="integer" Length="1" SASFieldName="MSA2_PAZ" Comment="Azt during pregnancy">
                <Question>
                    <TranslatedText>
                    If yes specify which regimen  - AZT
                    </TranslatedText>
                </Question>
                <CodeListRef CodeListOID="CL_397"/>
                <MeasurementUnitRef MeasurementUnitOID="MU_10&lt;SUP&gt;3&lt;/SUP&gt;/MM&lt;SUP&gt;3&lt;/SUP&gt;"/>
                <OpenClinica:ItemDetails ItemOID="I_MSA2_MSA2_PAZT">
					<OpenClinica:ItemPresentInForm FormOID="F_TEST_3" ColumnNumber="1" PHI="No" ShowItem="Yes">
						<OpenClinica:SectionLabel>Section3</OpenClinica:SectionLabel>
						<OpenClinica:SectionTitle>Title 3</OpenClinica:SectionTitle>
					</OpenClinica:ItemPresentInForm>
				</OpenClinica:ItemDetails>
            </ItemDef>
            <ItemDef OID="I_MSA2_MSA2_PAZTNB" Name="MSA2_PAZTNB" DataType="integer" Length="10" SASFieldName="MSA2_590" Comment="Number of weeks under AZT">
                <Question>
                    <TranslatedText>
                    If yes, for how many weeks?
                    </TranslatedText>
                </Question>
                <OpenClinica:ItemDetails ItemOID="I_MSA2_MSA2_PAZTNB">
					<OpenClinica:ItemPresentInForm FormOID="F_TEST_3" ColumnNumber="1" PHI="No" ShowItem="Yes">
						<OpenClinica:SectionLabel>Section3</OpenClinica:SectionLabel>
						<OpenClinica:SectionTitle>Title 3</OpenClinica:SectionTitle>
					</OpenClinica:ItemPresentInForm>
				</OpenClinica:ItemDetails>
            </ItemDef>
            <ItemDef OID="I_MSA2_MSA2_POART" Name="MSA2_POART" DataType="integer" Length="1" SASFieldName="MSA2_591" Comment="Other ART during pregnancy">
                <Question>
                    <TranslatedText>
                    Other ART
                    </TranslatedText>
                </Question>
                <CodeListRef CodeListOID="CL_397"/>
                <OpenClinica:ItemDetails ItemOID="I_MSA2_MSA2_POART">
					<OpenClinica:ItemPresentInForm FormOID="F_TEST_3" ColumnNumber="1" PHI="No" ShowItem="Yes">
						<OpenClinica:SectionLabel>Section3</OpenClinica:SectionLabel>
						<OpenClinica:SectionTitle>Title 3</OpenClinica:SectionTitle>
					</OpenClinica:ItemPresentInForm>
				</OpenClinica:ItemDetails>
            </ItemDef>
            <ItemDef OID="I_MSA2_MSA2_LNVPV" Name="MSA2_LNVPV" DataType="integer" Length="1" SASFieldName="MSA2_LNV" Comment="Single- dose nevirapine">
                <Question>
                    <TranslatedText>
                    Single-dose nevirapine
                    </TranslatedText>
                    <MeasurementUnitRef MeasurementUnitOID="MU_10&lt;SUP&gt;3&lt;/SUP&gt;/MM&lt;SUP&gt;3&lt;/SUP&gt;"/>
                </Question>
                <CodeListRef CodeListOID="CL_397"/>
                <OpenClinica:ItemDetails ItemOID="I_MSA2_MSA2_LNVPV">
					<OpenClinica:ItemPresentInForm FormOID="F_TEST_3" ColumnNumber="1" PHI="No" ShowItem="Yes">
						<OpenClinica:SectionLabel>Section3</OpenClinica:SectionLabel>
						<OpenClinica:SectionTitle>Title 3</OpenClinica:SectionTitle>
					</OpenClinica:ItemPresentInForm>
				</OpenClinica:ItemDetails>
            </ItemDef>
            <ItemDef OID="I_MSA2_MSA2_LAZTV" Name="MSA2_LAZTV" DataType="integer" Length="1" SASFieldName="MSA2_LAZ" Comment="AZT">
                <Question>
                    <TranslatedText>
                    AZT
                    </TranslatedText>
                </Question>
                <CodeListRef CodeListOID="CL_397"/>
                <OpenClinica:ItemDetails ItemOID="I_MSA2_MSA2_LAZTV">
					<OpenClinica:ItemPresentInForm FormOID="F_TEST_3" ColumnNumber="1" PHI="No" ShowItem="Yes">
						<OpenClinica:SectionLabel>Section3</OpenClinica:SectionLabel>
						<OpenClinica:SectionTitle>Title 3</OpenClinica:SectionTitle>
					</OpenClinica:ItemPresentInForm>
				</OpenClinica:ItemDetails>
            </ItemDef>
            <ItemDef OID="I_MSA2_MSA2_L3TC" Name="MSA2_L3TC" DataType="integer" Length="1" SASFieldName="MSA2_L3T" Comment="3TC during labour">
                <Question>
                    <TranslatedText>
                    3TC
                    </TranslatedText>
                </Question>
                <CodeListRef CodeListOID="CL_397"/>
                <OpenClinica:ItemDetails ItemOID="I_MSA2_MSA2_L3TC">
					<OpenClinica:ItemPresentInForm FormOID="F_TEST_3" ColumnNumber="1" PHI="No" ShowItem="Yes">
						<OpenClinica:SectionLabel>Section3</OpenClinica:SectionLabel>
						<OpenClinica:SectionTitle>Title 3</OpenClinica:SectionTitle>
					</OpenClinica:ItemPresentInForm>
				</OpenClinica:ItemDetails>
            </ItemDef>
            <ItemDef OID="I_MSA2_MSA2_LOART" Name="MSA2_LOART" DataType="integer" Length="1" SASFieldName="MSA2_LOA" Comment="Other ART during labour">
                <Question>
                    <TranslatedText>
                    Other ART
                    </TranslatedText>
                </Question>
                <CodeListRef CodeListOID="CL_397"/>
                <OpenClinica:ItemDetails ItemOID="I_MSA2_MSA2_LOART">
					<OpenClinica:ItemPresentInForm FormOID="F_TEST_3" ColumnNumber="1" PHI="No" ShowItem="Yes">
						<OpenClinica:SectionLabel>Section3</OpenClinica:SectionLabel>
						<OpenClinica:SectionTitle>Title 3</OpenClinica:SectionTitle>
					</OpenClinica:ItemPresentInForm>
				</OpenClinica:ItemDetails>
            </ItemDef>
            <ItemDef OID="I_MSA2_MSA2_LOCATB" Name="MSA2_LOCATB" DataType="integer" Length="1" SASFieldName="MSA2_LOC" Comment="Place of birth">
                <Question>
                    <TranslatedText>
                    Mother delivery  - Where did you give birth to your baby?
                    </TranslatedText>
                </Question>
                <CodeListRef CodeListOID="CL_401"/>
                <OpenClinica:ItemDetails ItemOID="I_MSA2_MSA2_LOCATB">
					<OpenClinica:ItemPresentInForm FormOID="F_TEST_3" ColumnNumber="1" PHI="No" ShowItem="Yes">
						<OpenClinica:SectionLabel>Section3</OpenClinica:SectionLabel>
						<OpenClinica:SectionTitle>Title 3</OpenClinica:SectionTitle>
					</OpenClinica:ItemPresentInForm>
				</OpenClinica:ItemDetails>
            </ItemDef>
            <ItemDef OID="I_MSA2_MSA2_OLOCATBPREC" Name="MSA2_OLOCATBPREC" DataType="text" Length="200" SASFieldName="MSA2_OLO" Comment="Other place of birth">
                <Question>
                    <TranslatedText>
                    If other, specify
                    </TranslatedText>
                </Question>
                <OpenClinica:ItemDetails ItemOID="I_MSA2_MSA2_OLOCATBPREC">
					<OpenClinica:ItemPresentInForm FormOID="F_TEST_3" ColumnNumber="1" PHI="No" ShowItem="Yes">
						<OpenClinica:SectionLabel>Section3</OpenClinica:SectionLabel>
						<OpenClinica:SectionTitle>Title 3</OpenClinica:SectionTitle>
					</OpenClinica:ItemPresentInForm>
				</OpenClinica:ItemDetails>
            </ItemDef>
            <ItemDef OID="I_MSA2_MSA2_TRANSF" Name="MSA2_TRANSF" DataType="integer" Length="1" SASFieldName="MSA2_TRA" Comment="Blood transfusion">
                <Question>
                    <TranslatedText>
                    Did you receive a blood transfusion?
                    </TranslatedText>
                </Question>
                <CodeListRef CodeListOID="CL_397"/>
                <OpenClinica:ItemDetails ItemOID="I_MSA2_MSA2_TRANSF">
					<OpenClinica:ItemPresentInForm FormOID="F_TEST_3" ColumnNumber="1" PHI="No" ShowItem="Yes">
						<OpenClinica:SectionLabel>Section3</OpenClinica:SectionLabel>
						<OpenClinica:SectionTitle>Title 3</OpenClinica:SectionTitle>
					</OpenClinica:ItemPresentInForm>
				</OpenClinica:ItemDetails>
            </ItemDef>
            <ItemDef OID="I_MSA2_MSA2_TYPED" Name="MSA2_TYPED" DataType="integer" Length="1" SASFieldName="MSA2_TYP" Comment="Type of delivery">
                <Question>
                    <TranslatedText>
                    What kind of delivery did you have with this baby?
                    </TranslatedText>
                </Question>
                <CodeListRef CodeListOID="CL_402"/>
                <OpenClinica:ItemDetails ItemOID="I_MSA2_MSA2_TYPED">
					<OpenClinica:ItemPresentInForm FormOID="F_TEST_3" ColumnNumber="1" PHI="No" ShowItem="Yes">
						<OpenClinica:SectionLabel>Section3</OpenClinica:SectionLabel>
						<OpenClinica:SectionTitle>Title 3</OpenClinica:SectionTitle>
					</OpenClinica:ItemPresentInForm>
				</OpenClinica:ItemDetails>
            </ItemDef>
            <ItemDef OID="I_MSA2_MSA2_PMTCTV" Name="MSA2_PMTCTV" DataType="integer" Length="1" SASFieldName="MSA2_PMT" Comment="PMTCT during pregnancy and labour">
                <Question>
                    <TranslatedText>
                    Has the mother received any ART during pregnancy OR labour?
                    </TranslatedText>
                </Question>
                <CodeListRef CodeListOID="CL_397"/>
                <OpenClinica:ItemDetails ItemOID="I_MSA2_MSA2_PMTCTV">
					<OpenClinica:ItemPresentInForm FormOID="F_TEST_3" ColumnNumber="1" PHI="No" ShowItem="Yes">
						<OpenClinica:SectionLabel>Section3</OpenClinica:SectionLabel>
						<OpenClinica:SectionTitle>Title 3</OpenClinica:SectionTitle>
					</OpenClinica:ItemPresentInForm>
				</OpenClinica:ItemDetails>
            </ItemDef>
            <ItemDef OID="I_MSA2_MSA2_PMTCT" Name="MSA2_PMTCT" DataType="integer" Length="1" SASFieldName="MSA2_595" Comment="PMTCT during pregnancy and labour">
                <Question>
                    <TranslatedText>
                    Has the mother received any ART during pregnancy and labour?
                    </TranslatedText>
                </Question>
                <CodeListRef CodeListOID="CL_129"/>
                <OpenClinica:ItemDetails ItemOID="I_MSA2_MSA2_PMTCT">
					<OpenClinica:ItemPresentInForm FormOID="F_TEST_3" ColumnNumber="1" PHI="No" ShowItem="Yes">
						<OpenClinica:SectionLabel>Section3</OpenClinica:SectionLabel>
						<OpenClinica:SectionTitle>Title 3</OpenClinica:SectionTitle>
					</OpenClinica:ItemPresentInForm>
				</OpenClinica:ItemDetails>
            </ItemDef>
            <ItemDef OID="I_MSA2_MSA2_LAZTNBV" Name="MSA2_LAZTNBV" DataType="integer" Length="10" SASFieldName="MSA2_596" Comment="If yes, for how many days?">
                <Question>
                    <TranslatedText>
                    If yes, for how many days?
                    </TranslatedText>
                </Question>
                <OpenClinica:ItemDetails ItemOID="I_MSA2_MSA2_LAZTNBV">
					<OpenClinica:ItemPresentInForm FormOID="F_TEST_3" ColumnNumber="1" PHI="No" ShowItem="Yes">
						<OpenClinica:SectionLabel>Section3</OpenClinica:SectionLabel>
						<OpenClinica:SectionTitle>Title 3</OpenClinica:SectionTitle>
					</OpenClinica:ItemPresentInForm>
				</OpenClinica:ItemDetails>
            </ItemDef>
            <ItemDef OID="I_MSA2_MSA2_L3TCNB" Name="MSA2_L3TCNB" DataType="integer" Length="10" SASFieldName="MSA2_597" Comment="Number of days on 3TC during labour">
                <Question>
                    <TranslatedText>
                    If yes, for how many days?
                    </TranslatedText>
                </Question>
                <OpenClinica:ItemDetails ItemOID="I_MSA2_MSA2_L3TCNB">
					<OpenClinica:ItemPresentInForm FormOID="F_TEST_3" ColumnNumber="1" PHI="No" ShowItem="Yes">
						<OpenClinica:SectionLabel>Section3</OpenClinica:SectionLabel>
						<OpenClinica:SectionTitle>Title 3</OpenClinica:SectionTitle>
					</OpenClinica:ItemPresentInForm>
				</OpenClinica:ItemDetails>
            </ItemDef>
            <ItemDef OID="I_MSA2_MSA2_LOARTNB" Name="MSA2_LOARTNB" DataType="integer" Length="10" SASFieldName="MSA2_598" Comment="Number of days on other ART during labour">
                <Question>
                    <TranslatedText>
                    For how many days?
                    </TranslatedText>
                </Question>
                <OpenClinica:ItemDetails ItemOID="I_MSA2_MSA2_LOARTNB">
					<OpenClinica:ItemPresentInForm FormOID="F_TEST_3" ColumnNumber="1" PHI="No" ShowItem="Yes">
						<OpenClinica:SectionLabel>Section3</OpenClinica:SectionLabel>
						<OpenClinica:SectionTitle>Title 3</OpenClinica:SectionTitle>
					</OpenClinica:ItemPresentInForm>
				</OpenClinica:ItemDetails>
            </ItemDef>
            <ItemDef OID="I_MSA2_MSA2_POARTPREC" Name="MSA2_POARTPREC" DataType="text" Length="200" SASFieldName="MSA2_592" Comment="Other ART regimen specify">
                <Question>
                    <TranslatedText>
                    Drug  - Drug
                    </TranslatedText>
                    <MeasurementUnitRef MeasurementUnitOID="MU_10&lt;SUP&gt;3&lt;/SUP&gt;/MM&lt;SUP&gt;3&lt;/SUP&gt;"/>
                </Question>
                <OpenClinica:ItemDetails ItemOID="I_MSA2_MSA2_POARTPREC">
					<OpenClinica:ItemPresentInForm FormOID="F_TEST_1" ColumnNumber="1" PHI="No" ShowItem="Yes">
						<OpenClinica:SectionLabel>Section1</OpenClinica:SectionLabel>
						<OpenClinica:SectionTitle>Title 1</OpenClinica:SectionTitle>
					</OpenClinica:ItemPresentInForm>
					<OpenClinica:ItemPresentInForm FormOID="F_TEST_4" ColumnNumber="1" PHI="No" ShowItem="Yes">
						<OpenClinica:SectionLabel>Section1</OpenClinica:SectionLabel>
						<OpenClinica:SectionTitle>Title 1</OpenClinica:SectionTitle>
					</OpenClinica:ItemPresentInForm>
				</OpenClinica:ItemDetails>
            </ItemDef>
            <ItemDef OID="I_MSA2_MSA2_POARTNBV" Name="MSA2_POARTNBV" DataType="integer" Length="10" SASFieldName="MSA2_593" Comment="Number of weeks under other ART">
                <Question>
                    <TranslatedText>
                    For how many weeks?
                    </TranslatedText>
                </Question>
                <OpenClinica:ItemDetails ItemOID="I_MSA2_MSA2_POARTNBV">
					<OpenClinica:ItemPresentInForm FormOID="F_TEST_1" ColumnNumber="1" PHI="No" ShowItem="Yes">
						<OpenClinica:SectionLabel>Section2</OpenClinica:SectionLabel>
						<OpenClinica:SectionTitle>Title 2</OpenClinica:SectionTitle>
					</OpenClinica:ItemPresentInForm>
					<OpenClinica:ItemPresentInForm FormOID="F_TEST_4" ColumnNumber="1" PHI="No" ShowItem="Yes">
						<OpenClinica:SectionLabel>Section2</OpenClinica:SectionLabel>
						<OpenClinica:SectionTitle>Title 2</OpenClinica:SectionTitle>
					</OpenClinica:ItemPresentInForm>
				</OpenClinica:ItemDetails>
            </ItemDef>
            <ItemDef OID="I_MSA2_MSA2_LOARTPREC" Name="MSA2_LOARTPREC" DataType="text" Length="7" SASFieldName="MSA2_594" Comment="Other ART regimen during labour">
                <Question>
                    <TranslatedText>
                    Drug  - Drug
                    </TranslatedText>
                </Question>
                <OpenClinica:ItemDetails ItemOID="I_MSA2_MSA2_LOARTPREC">
					<OpenClinica:ItemPresentInForm FormOID="F_TEST_1" ColumnNumber="1" PHI="No" ShowItem="Yes">
						<OpenClinica:SectionLabel>Section3</OpenClinica:SectionLabel>
						<OpenClinica:SectionTitle>Title 3</OpenClinica:SectionTitle>
					</OpenClinica:ItemPresentInForm>
					<OpenClinica:ItemPresentInForm FormOID="F_TEST_4" ColumnNumber="1" PHI="No" ShowItem="Yes">
						<OpenClinica:SectionLabel>Section3</OpenClinica:SectionLabel>
						<OpenClinica:SectionTitle>Title 3</OpenClinica:SectionTitle>
					</OpenClinica:ItemPresentInForm>
				</OpenClinica:ItemDetails>
            </ItemDef>
            
            <CodeList OID="CL_203" Name="NY" DataType="integer" SASFormatName="NY91X">
                <CodeListItem CodedValue="0">
                    <Decode>
                        <TranslatedText>No</TranslatedText>
                    </Decode>
                </CodeListItem>
                <CodeListItem CodedValue="1">
                    <Decode>
                        <TranslatedText>Yes</TranslatedText>
                    </Decode>
                </CodeListItem>
            </CodeList>
            <CodeList OID="CL_397" Name="NY" DataType="integer" SASFormatName="NY94X">
                <CodeListItem CodedValue="0">
                    <Decode>
                        <TranslatedText>No</TranslatedText>
                    </Decode>
                </CodeListItem>
                <CodeListItem CodedValue="1">
                    <Decode>
                        <TranslatedText>Yes</TranslatedText>
                    </Decode>
                </CodeListItem>
            </CodeList>
            <CodeList OID="CL_398" Name="unsure" DataType="integer" SASFormatName="UNSURE">
                <CodeListItem CodedValue="0">
                    <Decode>
                        <TranslatedText>No</TranslatedText>
                    </Decode>
                </CodeListItem>
                <CodeListItem CodedValue="1">
                    <Decode>
                        <TranslatedText>Yes</TranslatedText>
                    </Decode>
                </CodeListItem>
                <CodeListItem CodedValue="3">
                    <Decode>
                        <TranslatedText>Unsure</TranslatedText>
                    </Decode>
                </CodeListItem>
            </CodeList>
            <CodeList OID="CL_401" Name="birth" DataType="integer" SASFormatName="BIRTH">
                <CodeListItem CodedValue="1">
                    <Decode>
                        <TranslatedText>Health care centre</TranslatedText>
                    </Decode>
                </CodeListItem>
                <CodeListItem CodedValue="2">
                    <Decode>
                        <TranslatedText>Home assisted</TranslatedText>
                    </Decode>
                </CodeListItem>
                <CodeListItem CodedValue="3">
                    <Decode>
                        <TranslatedText>Home non assisted</TranslatedText>
                    </Decode>
                </CodeListItem>
                <CodeListItem CodedValue="4">
                    <Decode>
                        <TranslatedText>Other</TranslatedText>
                    </Decode>
                </CodeListItem>
            </CodeList>
            <CodeList OID="CL_402" Name="delivery" DataType="integer" SASFormatName="DELIVERY">
                <CodeListItem CodedValue="1">
                    <Decode>
                        <TranslatedText>Vaginal</TranslatedText>
                    </Decode>
                </CodeListItem>
                <CodeListItem CodedValue="2">
                    <Decode>
                        <TranslatedText>Vacuum</TranslatedText>
                    </Decode>
                </CodeListItem>
                <CodeListItem CodedValue="3">
                    <Decode>
                        <TranslatedText>Forceps</TranslatedText>
                    </Decode>
                </CodeListItem>
                <CodeListItem CodedValue="4">
                    <Decode>
                        <TranslatedText>Elective-caesarean section</TranslatedText>
                    </Decode>
                </CodeListItem>
                <CodeListItem CodedValue="5">
                    <Decode>
                        <TranslatedText>Emergency caesarean section</TranslatedText>
                    </Decode>
                </CodeListItem>
                <CodeListItem CodedValue="6">
                    <Decode>
                        <TranslatedText>Other</TranslatedText>
                    </Decode>
                </CodeListItem>
            </CodeList>
            <CodeList OID="CL_129" Name="NY" DataType="integer" SASFormatName="NY95X">
                <CodeListItem CodedValue="0">
                    <Decode>
                        <TranslatedText>No</TranslatedText>
                    </Decode>
                </CodeListItem>
                <CodeListItem CodedValue="1">
                    <Decode>
                        <TranslatedText>Yes</TranslatedText>
                    </Decode>
                </CodeListItem>
            </CodeList>
        </MetaDataVersion>
    </Study>

</ODM>